"SIMULATED EQUIVALENT"   "OBSERVED VALUE"    "OBSERVATION NAME"
  -9.99000000000E+02   5.00000007451E-02  Obs_0       
  -9.99000000000E+02   5.00000007451E-02  Obs_1       
  -9.99000000000E+02   5.00000007451E-02  Obs_2       
   3.94081950188E-01   5.00000007451E-02  Obs_3       
   5.69942295551E-01   5.00000007451E-02  Obs_4       
   6.60794436932E-01   5.00000007451E-02  Obs_5       
   4.35964345932E-01   5.00000007451E-02  Obs_6       
   3.03273558617E-01   5.00000007451E-02  Obs_7       
   2.37063407898E-01   5.00000007451E-02  Obs_8       
  -9.99000000000E+02   5.00000007451E-02  Obs_9       
  -9.99000000000E+02   5.00000007451E-02  Obs_10      
  -9.99000000000E+02   5.00000007451E-02  Obs_11      
  -9.99000000000E+02   5.00000007451E-02  Obs_12      
   7.53607094288E-01   5.00000007451E-02  Obs_13      
   1.43843615055E+00   5.00000007451E-02  Obs_14      
   2.29945635796E+00   5.00000007451E-02  Obs_15      
   1.63449335098E+00   5.00000007451E-02  Obs_16      
   6.46562635899E-01   5.00000007451E-02  Obs_17      
   4.36252653599E-01   5.00000007451E-02  Obs_18      
  -9.99000000000E+02   5.00000007451E-02  Obs_19      
   3.43176460266E+00   5.50000000000E+00  Obs_20      
  -9.99000000000E+02   5.00000007451E-02  Obs_21      
  -9.99000000000E+02   5.00000007451E-02  Obs_22      
  -9.99000000000E+02   5.00000007451E-02  Obs_23      
   1.48602271080E+00   5.00000007451E-02  Obs_24      
   3.30577445030E+00   5.00000007451E-02  Obs_25      
   1.37039899826E+00   5.00000007451E-02  Obs_26      
   8.80175769329E-01   5.00000007451E-02  Obs_27      
  -9.99000000000E+02   5.00000007451E-02  Obs_28      
  -9.99000000000E+02   5.00000007451E-02  Obs_29      
  -9.99000000000E+02   5.00000007451E-02  Obs_30      
  -9.99000000000E+02   5.00000007451E-02  Obs_31      
   2.43463778496E+00   5.00000007451E-02  Obs_32      
   2.78430247307E+00   5.00000007451E-02  Obs_33      
   1.93781518936E+00   5.00000007451E-02  Obs_34      
  -9.99000000000E+02   5.00000007451E-02  Obs_35      
  -9.99000000000E+02   5.00000007451E-02  Obs_36      
  -9.99000000000E+02   5.00000007451E-02  Obs_37      
   1.60732913017E+00   5.00000007451E-02  Obs_38      
   3.58045101166E+00   5.00000007451E-02  Obs_39      
   3.79579639435E+00   5.00000007451E-02  Obs_40      
   2.98093867302E+00   5.00000007451E-02  Obs_41      
   5.91627168655E+00   2.00000002980E-01  Obs_42      
   5.64588499069E+00   4.00000005960E-01  Obs_43      
   4.70804500580E+00   3.00000011921E-01  Obs_44      
   5.04904985428E+00   6.00000023842E-01  Obs_45      
   8.47609806061E+00   2.29999995232E+00  Obs_46      
   7.71350240707E+00   2.59999990463E+00  Obs_47      
   8.89194774628E+00   3.50000000000E+00  Obs_48      
  -9.99000000000E+02   5.00000007451E-02  Obs_49      
  -9.99000000000E+02   5.00000007451E-02  Obs_50      
   1.59943139553E+00   5.00000007451E-02  Obs_51      
   3.84729242325E+00   5.00000007451E-02  Obs_52      
   7.15776586533E+00   1.20000004768E+00  Obs_53      
   3.68092393875E+00   5.00000007451E-02  Obs_54      
   9.42217063904E+00   3.59999990463E+00  Obs_55      
   7.78854465485E+00   2.42989993095E+00  Obs_56      
  -9.99000000000E+02   5.00000007451E-02  Obs_57      
   9.62122738361E-01   5.00000007451E-02  Obs_58      
   1.47447288036E+00   5.00000007451E-02  Obs_59      
   3.62806510925E+00   5.00000007451E-02  Obs_60      
   4.21360206604E+00   5.00000007451E-02  Obs_61      
   7.54420042038E+00   1.89999997616E+00  Obs_62      
   9.68774509430E+00   1.29999995232E+00  Obs_63      
   7.57177495956E+00   8.99999976158E-01  Obs_64      
   1.23122644424E+01   4.47000007629E+01  Obs_65      
   7.56787443161E+00   2.59999990463E+00  Obs_66      
   7.55043220520E+00   1.70000004768E+00  Obs_67      
   1.22609081268E+01   3.00000000000E+00  Obs_68      
   7.74452495575E+00   1.79999995232E+00  Obs_69      
  -9.99000000000E+02   5.00000007451E-02  Obs_70      
   9.29336369038E-01   5.00000007451E-02  Obs_71      
   1.50141620636E+00   5.00000007451E-02  Obs_72      
   4.25669717789E+00   5.00000007451E-02  Obs_73      
   1.35272274017E+01   5.90000009537E+00  Obs_74      
   1.26472272873E+01   1.92000007629E+01  Obs_75      
  -9.99000000000E+02   5.00000007451E-02  Obs_76      
   1.40125579834E+01   8.00000000000E+00  Obs_77      
   1.30171737671E+01   8.19999980927E+00  Obs_78      
   1.27557106018E+01   5.75000000000E+00  Obs_79      
   1.40916786194E+01   3.42000007629E+01  Obs_80      
   1.22843475342E+01   3.20000004768E+00  Obs_81      
   1.45557422638E+01   1.68530006409E+01  Obs_82      
   1.30027103424E+01   2.53999996185E+01  Obs_83      
   1.20295448303E+01   1.79999995232E+00  Obs_84      
   1.21074733734E+01   8.80000019073E+00  Obs_85      
   1.04995203018E+01   8.50000023842E-01  Obs_86      
   1.02481193542E+01   8.99999976158E-01  Obs_87      
   5.17044353485E+00   6.00000023842E-01  Obs_88      
   1.29883298874E+01   2.02999992371E+01  Obs_89      
   1.07639837265E+01   1.79999995232E+00  Obs_90      
   1.01857461929E+01   1.62769997120E+00  Obs_91      
   8.41021633148E+00   3.00000011921E-01  Obs_92      
   8.02962720394E-01   5.00000007451E-02  Obs_93      
   1.24933052063E+00   5.00000007451E-02  Obs_94      
   2.47607302666E+00   5.00000007451E-02  Obs_95      
   7.96063852310E+00   5.00000007451E-02  Obs_96      
   3.98837375641E+00   5.00000007451E-02  Obs_97      
  -9.99000000000E+02   5.00000007451E-02  Obs_98      
   5.94766712189E+00   5.00000000000E-01  Obs_99      
   8.18997287750E+00   1.00000000000E+00  Obs_100     
   1.89862899780E+01   6.25000000000E+01  Obs_101     
   1.07743036747E+00   5.00000007451E-02  Obs_102     
   2.26071453094E+00   5.00000007451E-02  Obs_103     
   1.23331098557E+01   1.58000001907E+01  Obs_104     
  -9.99000000000E+02   5.00000007451E-02  Obs_105     
  -9.99000000000E+02   5.00000007451E-02  Obs_106     
  -9.99000000000E+02   5.00000007451E-02  Obs_107     
   8.88471221924E+00   1.20000004768E+00  Obs_108     
   1.01293954849E+01   7.30000019073E+00  Obs_109     
   1.15586214066E+01   7.30000019073E+00  Obs_110     
   1.31700353622E+01   9.80000019073E+00  Obs_111     
   1.46528072357E+01   1.64666996002E+01  Obs_112     
   7.11823892593E+00   1.20000004768E+00  Obs_113     
   8.60925865173E+00   3.00000000000E+00  Obs_114     
   1.57929718494E+00   5.00000007451E-02  Obs_115     
   9.02391624451E+00   6.65000009537E+00  Obs_116     
   3.01701164246E+00   5.00000007451E-02  Obs_117     
   2.72173380852E+00   5.00000007451E-02  Obs_118     
  -9.99000000000E+02   5.00000007451E-02  Obs_119     
  -9.99000000000E+02   5.00000007451E-02  Obs_120     
  -9.99000000000E+02   5.00000007451E-02  Obs_121     
   7.63461780548E+00   2.70000004768E+00  Obs_122     
   6.17391014099E+00   6.09999990463E+00  Obs_123     
   4.77397441864E+00   1.00000001490E-01  Obs_124     
   1.96105194092E+00   5.00000007451E-02  Obs_125     
   1.27747786045E+00   5.00000007451E-02  Obs_126     
   1.31006932259E+00   5.00000007451E-02  Obs_127     
  -9.99000000000E+02   5.00000007451E-02  Obs_128     
  -9.99000000000E+02   5.00000007451E-02  Obs_129     
  -9.99000000000E+02   5.00000007451E-02  Obs_130     
   4.42630195618E+00   8.10000038147E+00  Obs_131     
   4.37414312363E+00   8.19999980927E+00  Obs_132     
   1.56873619556E+00   5.00000007451E-02  Obs_133     
   4.49650716782E+00   4.30000019073E+00  Obs_134     
   4.43156003952E+00   5.56669998169E+00  Obs_135     
   1.29097771645E+00   5.00000007451E-02  Obs_136     
   6.72552525997E-01   5.00000007451E-02  Obs_137     
  -9.99000000000E+02   5.00000007451E-02  Obs_138     
  -9.99000000000E+02   5.00000007451E-02  Obs_139     
  -9.99000000000E+02   5.00000007451E-02  Obs_140     
  -9.99000000000E+02   5.00000007451E-02  Obs_141     
   4.42441463470E+00   5.50000000000E+00  Obs_142     
   3.31256151199E+00   7.30000019073E+00  Obs_143     
   3.08898162842E+00   6.00000000000E+00  Obs_144     
   1.28891837597E+00   5.00000007451E-02  Obs_145     
   3.01637935638E+00   5.00000007451E-02  Obs_146     
   1.11042714119E+00   5.00000007451E-02  Obs_147     
   5.94854950905E-01   5.00000007451E-02  Obs_148     
  -9.99000000000E+02   5.00000007451E-02  Obs_149     
  -9.99000000000E+02   5.00000007451E-02  Obs_150     
  -9.99000000000E+02   5.00000007451E-02  Obs_151     
  -9.99000000000E+02   5.00000007451E-02  Obs_152     
   1.08424174786E+00   5.00000007451E-02  Obs_153     
   1.73447513580E+00   5.00000007451E-02  Obs_154     
   7.40833222866E-01   5.00000007451E-02  Obs_155     
  -9.99000000000E+02   5.00000007451E-02  Obs_156     
  -9.99000000000E+02   5.00000007451E-02  Obs_157     
  -9.99000000000E+02   5.00000007451E-02  Obs_158     
  -9.99000000000E+02   5.00000007451E-02  Obs_159     
  -9.99000000000E+02   5.00000007451E-02  Obs_160     
   8.13609778881E-01   5.00000007451E-02  Obs_161     
   9.17080163956E-01   5.00000007451E-02  Obs_162     
   4.09500569105E-01   5.00000007451E-02  Obs_163     
  -9.99000000000E+02   5.00000007451E-02  Obs_164     
  -9.99000000000E+02   5.00000007451E-02  Obs_165     
  -9.99000000000E+02   5.00000007451E-02  Obs_166     
  -9.99000000000E+02   5.00000007451E-02  Obs_167     
  -9.99000000000E+02   5.00000007451E-02  Obs_168     
   5.18111646175E-01   5.00000007451E-02  Obs_169     
   1.13833594322E+00   5.00000007451E-02  Obs_170     
   2.67809569836E-01   5.00000007451E-02  Obs_171     
  -9.99000000000E+02   5.00000007451E-02  Obs_172     
  -9.99000000000E+02   5.00000007451E-02  Obs_173     
  -9.99000000000E+02   5.00000007451E-02  Obs_174     
  -9.99000000000E+02   5.00000007451E-02  Obs_175     
  -9.99000000000E+02   5.00000007451E-02  Obs_176     
   1.30903363228E+00   2.70000004768E+00  Obs_177     
   1.08807933331E+00   5.30000019073E+00  Obs_178     
   4.79911834002E-01   5.00000007451E-02  Obs_179     
   4.74793523550E-01   5.00000007451E-02  Obs_180     
   2.12388694286E-01   5.00000007451E-02  Obs_181     
  -9.99000000000E+02   5.00000007451E-02  Obs_182     
  -9.99000000000E+02   5.00000007451E-02  Obs_183     
  -9.99000000000E+02   5.00000007451E-02  Obs_184     
  -9.99000000000E+02   5.00000007451E-02  Obs_185     
  -9.99000000000E+02   5.00000007451E-02  Obs_186     
   8.47516775131E-01   3.09999990463E+00  Obs_187     
   3.70993196964E-01   5.00000007451E-02  Obs_188     
   7.45522379875E-01   3.00000000000E+00  Obs_189     
   2.86544114351E-01   5.00000007451E-02  Obs_190     
   1.54344886541E-01   5.00000007451E-02  Obs_191     
  -9.99000000000E+02   5.00000007451E-02  Obs_192     
  -9.99000000000E+02   5.00000007451E-02  Obs_193     
  -9.99000000000E+02   5.00000007451E-02  Obs_194     
  -9.99000000000E+02   5.00000007451E-02  Obs_195     
  -9.99000000000E+02   5.00000007451E-02  Obs_196     
   6.96095705032E-01   5.69999980927E+00  Obs_197     
   2.44581818581E-01   5.00000007451E-02  Obs_198     
   3.19537639618E-01   5.00000007451E-02  Obs_199     
   2.98868596554E-01   5.00000007451E-02  Obs_200     
   1.98139503598E-01   5.00000007451E-02  Obs_201     
  -9.99000000000E+02   5.00000007451E-02  Obs_202     
  -9.99000000000E+02   5.00000007451E-02  Obs_203     
  -9.99000000000E+02   5.00000007451E-02  Obs_204     
  -9.99000000000E+02   5.00000007451E-02  Obs_205     
  -9.99000000000E+02   5.00000007451E-02  Obs_206     
  -9.99000000000E+02   5.00000007451E-02  Obs_207     
